<?xml version="1.0" encoding="UTF-8"?>
<!-- Generated by org.testng.reporters.JUnitReportReporter -->
<testsuite skipped="0" hostname="DESKTOP-SPO73RG" name="testcase.CreateMarginBid_02" tests="4" failures="0" timestamp="2020-04-17T17:35:47 CST" time="280.974" errors="0">
  <testcase name="test02_createbid" time="19.627" classname="testcase.CreateMarginBid_02"/>
  <testcase name="test04_buyerbid" time="228.176" classname="testcase.CreateMarginBid_02"/>
  <testcase name="test03_reviewpass" time="19.345" classname="testcase.CreateMarginBid_02"/>
  <testcase name="test01_loginfront_sell" time="13.826" classname="testcase.CreateMarginBid_02"/>
</testsuite> <!-- testcase.CreateMarginBid_02 -->
