<?xml version="1.0" encoding="UTF-8"?>
<!-- Generated by org.testng.reporters.JUnitReportReporter -->
<testsuite skipped="0" hostname="DESKTOP-SPO73RG" name="testcase.CreateMarginBid_03" tests="4" failures="0" timestamp="2020-04-27T09:38:56 CST" time="333.518" errors="0">
  <testcase name="test03_reviewpass" time="25.066" classname="testcase.CreateMarginBid_03"/>
  <testcase name="test02_createbid" time="30.578" classname="testcase.CreateMarginBid_03"/>
  <testcase name="test04_buyerbid" time="242.498" classname="testcase.CreateMarginBid_03"/>
  <testcase name="test01_loginfront_sell" time="35.376" classname="testcase.CreateMarginBid_03"/>
</testsuite> <!-- testcase.CreateMarginBid_03 -->
